proguard/seeds.txt
com.zk.rfid.R$attr: int layout_heightPercent
com.zk.rfid.R$attr: int layout_marginBottomPercent
com.zk.rfid.R$attr: int layout_marginEndPercent
com.zk.rfid.R$attr: int layout_marginLeftPercent
com.zk.rfid.R$attr: int layout_marginPercent
com.zk.rfid.R$attr: int layout_marginRightPercent
com.zk.rfid.R$attr: int layout_marginStartPercent
com.zk.rfid.R$attr: int layout_marginTopPercent
com.zk.rfid.R$attr: int layout_maxHeightPercent
com.zk.rfid.R$attr: int layout_maxWidthPercent
com.zk.rfid.R$attr: int layout_minHeightPercent
com.zk.rfid.R$attr: int layout_minWidthPercent
com.zk.rfid.R$attr: int layout_textSizePercent
com.zk.rfid.R$attr: int layout_widthPercent
com.zk.rfid.R$color: int alpha
com.zk.rfid.R$color: int black
com.zk.rfid.R$color: int blue
com.zk.rfid.R$color: int green
com.zk.rfid.R$color: int light_green
com.zk.rfid.R$color: int line_green
com.zk.rfid.R$color: int login_bg_blue
com.zk.rfid.R$color: int red
com.zk.rfid.R$color: int title_blue
com.zk.rfid.R$color: int white
com.zk.rfid.R$color: int yellow
com.zk.rfid.R$dimen: int activity_horizontal_margin
com.zk.rfid.R$dimen: int activity_vertical_margin
com.zk.rfid.R$drawable: int add
com.zk.rfid.R$drawable: int add_btn
com.zk.rfid.R$drawable: int addmat
com.zk.rfid.R$drawable: int airbg
com.zk.rfid.R$drawable: int approve_img
com.zk.rfid.R$drawable: int back_left
com.zk.rfid.R$drawable: int btn_blue
com.zk.rfid.R$drawable: int btn_yellow
com.zk.rfid.R$drawable: int btnshape
com.zk.rfid.R$drawable: int check_box_bg
com.zk.rfid.R$drawable: int createnew
com.zk.rfid.R$drawable: int delete
com.zk.rfid.R$drawable: int doorbg
com.zk.rfid.R$drawable: int editpwd
com.zk.rfid.R$drawable: int exception
com.zk.rfid.R$drawable: int exit
com.zk.rfid.R$drawable: int exit_store_img
com.zk.rfid.R$drawable: int fail
com.zk.rfid.R$drawable: int green
com.zk.rfid.R$drawable: int headbg
com.zk.rfid.R$drawable: int icon
com.zk.rfid.R$drawable: int init_bg
com.zk.rfid.R$drawable: int inv_right
com.zk.rfid.R$drawable: int listview_arrow
com.zk.rfid.R$drawable: int listview_progressbar_bg
com.zk.rfid.R$drawable: int login_bg
com.zk.rfid.R$drawable: int long_white_bg
com.zk.rfid.R$drawable: int map_btn
com.zk.rfid.R$drawable: int mastorage
com.zk.rfid.R$drawable: int menu
com.zk.rfid.R$drawable: int modifybox
com.zk.rfid.R$drawable: int myinfo
com.zk.rfid.R$drawable: int myrecord
com.zk.rfid.R$drawable: int onclick_blue_btn
com.zk.rfid.R$drawable: int onclick_btn
com.zk.rfid.R$drawable: int onclick_item
com.zk.rfid.R$drawable: int orange_bg
com.zk.rfid.R$drawable: int password_img
...
android.support.v4.media.MediaMetadataCompat
android.support.v4.media.MediaMetadataCompat: android.os.Parcelable$Creator CREATOR
android.support.v4.media.RatingCompat
android.support.v4.media.RatingCompat: android.os.Parcelable$Creator CREATOR
android.support.v4.media.TransportMediator
android.support.v4.media.session.IMediaControllerCallback$Stub
android.support.v4.media.session.IMediaSession$Stub
android.support.v4.media.session.MediaButtonReceiver
android.support.v4.media.session.MediaControllerCompatApi23$TransportControls
android.support.v4.media.session.MediaSessionCompat$QueueItem
android.support.v4.media.session.MediaSessionCompat$QueueItem: android.os.Parcelable$Creator CREATOR
android.support.v4.media.session.MediaSessionCompat$ResultReceiverWrapper
android.support.v4.media.session.MediaSessionCompat$ResultReceiverWrapper: android.os.Parcelable$Creator CREATOR
android.support.v4.media.session.MediaSessionCompat$Token
android.support.v4.media.session.MediaSessionCompat$Token: android.os.Parcelable$Creator CREATOR
android.support.v4.media.session.MediaSessionCompatApi23$Callback
android.support.v4.media.session.ParcelableVolumeInfo
android.support.v4.media.session.ParcelableVolumeInfo: android.os.Parcelable$Creator CREATOR
android.support.v4.media.session.PlaybackStateCompat
android.support.v4.media.session.PlaybackStateCompat: android.os.Parcelable$Creator CREATOR
android.support.v4.media.session.PlaybackStateCompat$CustomAction
android.support.v4.media.session.PlaybackStateCompat$CustomAction: android.os.Parcelable$Creator CREATOR
android.support.v4.os.IResultReceiver$Stub
android.support.v4.os.ResultReceiver
android.support.v4.os.ResultReceiver: android.os.Parcelable$Creator CREATOR
android.support.v4.util.ArrayMap
android.support.v4.util.Pools$SimplePool
android.support.v4.util.Pools$SynchronizedPool
android.support.v4.view.PagerTabStrip
android.support.v4.view.PagerTabStrip: void setTabIndicatorColor(int)
android.support.v4.view.PagerTabStrip: void setTabIndicatorColorResource(int)
android.support.v4.view.PagerTabStrip: int getTabIndicatorColor()
android.support.v4.view.PagerTabStrip: void setTextSpacing(int)
android.support.v4.view.PagerTabStrip: void setBackgroundDrawable(android.graphics.drawable.Drawable)
android.support.v4.view.PagerTabStrip: void setBackgroundColor(int)
android.support.v4.view.PagerTabStrip: void setBackgroundResource(int)
android.support.v4.view.PagerTabStrip: void setDrawFullUnderline(boolean)
android.support.v4.view.PagerTabStrip: boolean getDrawFullUnderline()
android.support.v4.view.PagerTabStrip: int getMinHeight()
android.support.v4.view.PagerTitleStrip
android.support.v4.view.PagerTitleStrip: void setSingleLineAllCaps(android.widget.TextView)
android.support.v4.view.PagerTitleStrip: void setTextSpacing(int)
android.support.v4.view.PagerTitleStrip: int getTextSpacing()
android.support.v4.view.PagerTitleStrip: void setNonPrimaryAlpha(float)
android.support.v4.view.PagerTitleStrip: void setTextColor(int)
android.support.v4.view.PagerTitleStrip: void setGravity(int)
android.support.v4.view.PagerTitleStrip: int getMinHeight()