proguard/mapping.txt
com.zk.rfid.R -> com.zk.rfid.a:
com.zk.rfid.R$styleable -> com.zk.rfid.b:
    int[] PercentLayout_Layout -> PercentLayout_Layout
    int PercentLayout_Layout_layout_heightPercent -> PercentLayout_Layout_layout_heightPercent
    int PercentLayout_Layout_layout_marginBottomPercent -> PercentLayout_Layout_layout_marginBottomPercent
    int PercentLayout_Layout_layout_marginEndPercent -> PercentLayout_Layout_layout_marginEndPercent
    int PercentLayout_Layout_layout_marginLeftPercent -> PercentLayout_Layout_layout_marginLeftPercent
    int PercentLayout_Layout_layout_marginPercent -> PercentLayout_Layout_layout_marginPercent
    int PercentLayout_Layout_layout_marginRightPercent -> PercentLayout_Layout_layout_marginRightPercent
    int PercentLayout_Layout_layout_marginStartPercent -> PercentLayout_Layout_layout_marginStartPercent
    int PercentLayout_Layout_layout_marginTopPercent -> PercentLayout_Layout_layout_marginTopPercent
    int PercentLayout_Layout_layout_maxHeightPercent -> PercentLayout_Layout_layout_maxHeightPercent
    int PercentLayout_Layout_layout_maxWidthPercent -> PercentLayout_Layout_layout_maxWidthPercent
    int PercentLayout_Layout_layout_minHeightPercent -> PercentLayout_Layout_layout_minHeightPercent
    int PercentLayout_Layout_layout_minWidthPercent -> PercentLayout_Layout_layout_minWidthPercent
    int PercentLayout_Layout_layout_textSizePercent -> PercentLayout_Layout_layout_textSizePercent
com.zk.rfid.comm.base.BaseActivity -> com.zk.rfid.comm.base.BaseActivity:
    void onCreate(android.os.Bundle) -> onCreate
    void onDestroy() -> onDestroy
    boolean isConn() -> isConn
com.zk.rfid.comm.base.BootBroadcastReceiver -> com.zk.rfid.comm.base.BootBroadcastReceiver:
    java.lang.String action_boot -> action_boot
    com.zk.rfid.comm.base.ButtonInferface ctrl_interface -> ctrl_interface
    android.content.Intent new_intent -> new_intent
    void setBtnMsgListener(com.zk.rfid.comm.base.ButtonInferface) -> setBtnMsgListener
    void simulateKeystroke(int) -> simulateKeystroke
    void onReceive(android.content.Context,android.content.Intent) -> onReceive
com.zk.rfid.comm.base.BootBroadcastReceiver$1 -> com.zk.rfid.comm.base.BootBroadcastReceiver$1:
    int val$KeyCode -> val$KeyCode
    void run() -> run
com.zk.rfid.comm.base.ButtonInferface -> com.zk.rfid.comm.base.ButtonInferface:
    void handleMsg(java.lang.String) -> handleMsg
com.zk.rfid.comm.base.CommDialog -> com.zk.rfid.comm.base.CommDialog:
    java.lang.String TAG -> TAG
    android.app.Activity activity -> activity
    void showMaterialDetailDialog(java.lang.String,boolean) -> showMaterialDetailDialog
    java.util.List getListData(java.util.Map,boolean) -> getListData
    void showReadWriteResMsg(int) -> showReadWriteResMsg
com.zk.rfid.comm.base.CommDialog$1 -> com.zk.rfid.comm.base.CommDialog$1:
    com.zk.rfid.comm.base.CommDialog this$0 -> this$0
    android.app.Dialog val$dialog -> val$dialog
    void onClick(android.view.View) -> onClick
com.zk.rfid.comm.base.CommTopView -> com.zk.rfid.comm.base.CommTopView:
    java.lang.String TAG -> TAG
    android.app.Activity activity -> activity
    android.widget.ImageView backImg -> backImg
    android.widget.TextView gobacktext -> gobacktext
    android.view.View$OnClickListener listener -> listener
    void initTopView() -> initTopView
    android.app.Activity access$0(com.zk.rfid.comm.base.CommTopView) -> access$0
com.zk.rfid.comm.base.CommTopView$1 -> com.zk.rfid.comm.base.CommTopView$1:
    com.zk.rfid.comm.base.CommTopView this$0 -> this$0
    void onClick(android.view.View) -> onClick
...
com.rfid.sdk.public_utils.DebugLog -> com.rfid.sdk.public_utils.DebugLog:
    boolean filtering -> filtering
    java.lang.String TAG -> TAG
    void i(java.lang.String,java.lang.String) -> i
    void d(java.lang.String,java.lang.String) -> d
    void e(java.lang.String,java.lang.String) -> e
com.rfid.sdk.public_utils.FormatTransfer -> com.rfid.sdk.public_utils.FormatTransfer:
    byte[] toLH(int) -> toLH
    byte[] toHH(int) -> toHH
    byte[] toLH(short) -> toLH
    byte[] toHH(short) -> toHH
    byte[] toLH(float) -> toLH
    byte[] toHH(float) -> toHH
    byte[] stringToBytes(java.lang.String,int) -> stringToBytes
    short stringTolShort(java.lang.String) -> stringTolShort
    short stringTohShort(java.lang.String) -> stringTohShort
    java.lang.String bytesToString(byte[]) -> bytesToString
    byte[] stringToBytes(java.lang.String) -> stringToBytes
    int hBytesToInt(byte[]) -> hBytesToInt
    int lBytesToInt(byte[]) -> lBytesToInt
    short hBytesToShort(byte[]) -> hBytesToShort
    short lBytesToShort(byte[]) -> lBytesToShort
    float hBytesToFloat(byte[]) -> hBytesToFloat
    float lBytesToFloat(byte[]) -> lBytesToFloat
    byte[] bytesReverseOrder(byte[]) -> bytesReverseOrder
    byte char2byte(byte[]) -> char2byte
    byte ascii2byte(byte[]) -> ascii2byte
    byte char2byte(java.lang.String) -> char2byte
    byte string2byte(java.lang.String) -> string2byte
    short ascii2short(byte[]) -> ascii2short
    short string2short(java.lang.String) -> string2short
    int string2int(java.lang.String) -> string2int
    short[] ascii2shortbuf(byte[]) -> ascii2shortbuf
    java.lang.String long2hex(long,int) -> long2hex
    java.lang.String int2hex(int) -> int2hex
    java.lang.String halfint2hex(int) -> halfint2hex
com.rfid.sdk.public_utils.HostPacketType -> com.rfid.sdk.public_utils.HostPacketType:
    short RFID_PACKET_TYPE_COMMAND_BEGIN -> RFID_PACKET_TYPE_COMMAND_BEGIN
    short RFID_PACKET_TYPE_COMMAND_END -> RFID_PACKET_TYPE_COMMAND_END
    short RFID_PACKET_TYPE_ANTENNA_CYCLE_BEGIN -> RFID_PACKET_TYPE_ANTENNA_CYCLE_BEGIN
    short RFID_PACKET_TYPE_ANTENNA_BEGIN -> RFID_PACKET_TYPE_ANTENNA_BEGIN
    short RFID_PACKET_TYPE_18K6C_INVENTORY_ROUND_BEGIN -> RFID_PACKET_TYPE_18K6C_INVENTORY_ROUND_BEGIN
    short RFID_PACKET_TYPE_18K6C_INVENTORY -> RFID_PACKET_TYPE_18K6C_INVENTORY
    short RFID_PACKET_TYPE_18K6C_TAG_ACCESS -> RFID_PACKET_TYPE_18K6C_TAG_ACCESS
    short RFID_PACKET_TYPE_ANTENNA_CYCLE_END -> RFID_PACKET_TYPE_ANTENNA_CYCLE_END
    short RFID_PACKET_TYPE_ANTENNA_END -> RFID_PACKET_TYPE_ANTENNA_END
    short RFID_PACKET_TYPE_18K6C_INVENTORY_ROUND_END -> RFID_PACKET_TYPE_18K6C_INVENTORY_ROUND_END
    short RFID_PACKET_TYPE_INVENTORY_CYCLE_BEGIN -> RFID_PACKET_TYPE_INVENTORY_CYCLE_BEGIN
    short RFID_PACKET_TYPE_INVENTORY_CYCLE_END -> RFID_PACKET_TYPE_INVENTORY_CYCLE_END
    short RFID_PACKET_TYPE_CARRIER_INFO -> RFID_PACKET_TYPE_CARRIER_INFO
    short RFID_PACKET_TYPE_COMMAND_ACTIVE -> RFID_PACKET_TYPE_COMMAND_ACTIVE
    short RFID_PACKET_TYPE_READ_REGISTER -> RFID_PACKET_TYPE_READ_REGISTER
    short RFID_PACKET_TYPE_WRITE_REGISTER -> RFID_PACKET_TYPE_WRITE_REGISTER
    short RFID_PACKET_TYPE_READER_SN -> RFID_PACKET_TYPE_READER_SN