proguard/usage.txt
com.zk.rfid.BuildConfig
com.zk.rfid.R:
    10:10:public R()
com.zk.rfid.R$attr
com.zk.rfid.R$color
com.zk.rfid.R$dimen
com.zk.rfid.R$drawable
com.zk.rfid.R$id
com.zk.rfid.R$layout
com.zk.rfid.R$menu
com.zk.rfid.R$string
com.zk.rfid.R$style
com.zk.rfid.R$styleable:
    1034:1034:public R$styleable()
com.zk.rfid.R$xml
com.zk.rfid.init.InitApp:
    private static final java.lang.String TAG
com.zk.rfid.login.activity.EditPwdActivity:
    private static final java.lang.String TAG
com.zk.rfid.login.activity.LoginActivity:
    private static final java.lang.String TAG
com.zk.rfid.login.dao.UserDao:
    private static final java.lang.String TAG
    80:88:public void getUserData(java.lang.String,int)
com.zk.rfid.login.work.EditPwdWork:
    private static final java.lang.String TAG
com.zk.rfid.login.work.UserWork:
    private static final java.lang.String TAG
com.zk.rfid.main.activity.AdjustActivity:
    private static final java.lang.String TAG
com.zk.rfid.main.activity.ApplyMaterialActivity:
    private static final java.lang.String TAG
com.zk.rfid.main.activity.ExceptionActivity:
    private static final java.lang.String TAG
com.zk.rfid.main.activity.LendDetailActivity:
    private static final java.lang.String TAG
    155:162:private void lendBackSubmit(java.lang.String,int)
com.zk.rfid.main.activity.MainActivity:
    private static final java.lang.String TAG
com.zk.rfid.main.activity.MaterialDetailActivity:
    private static final java.lang.String TAG
    private java.util.List listMatView
com.zk.rfid.main.activity.ModifyBoxActivity:
    private static final java.lang.String TAG
com.zk.rfid.main.activity.OperateEpcActivity:
    private static final java.lang.String TAG
com.zk.rfid.main.activity.StoreToTalActivity:
    private static final java.lang.String TAG
com.zk.rfid.main.activity.WaitModifyCountActivity:
    private static final java.lang.String TAG
com.zk.rfid.main.adapter.AddMaterialRecordAdapter:
    private static final java.lang.String TAG
com.zk.rfid.main.adapter.LendDetailAdapter:
    private static final java.lang.String TAG
com.zk.rfid.main.adapter.LendListAdapter:
    private static final java.lang.String TAG
com.zk.rfid.main.adapter.ModifyBoxAdapter:
    private static final java.lang.String TAG
com.zk.rfid.main.adapter.OperateEpcListAdapter:
    private static final java.lang.String TAG
com.zk.rfid.main.adapter.StorageApproveAdapter:
    private static final java.lang.String TAG
com.zk.rfid.main.adapter.StorageExitAdapter:
    private static final java.lang.String TAG
com.zk.rfid.main.adapter.StorageListAdapter:
    private static final java.lang.String TAG
com.zk.rfid.main.adapter.StorageTotalAdapter:
    private static final java.lang.String TAG
com.zk.rfid.main.adapter.UnitdAdapter:
    private static final java.lang.String TAG
com.zk.rfid.main.adapter.WaitModifyAdapter:
    private static final java.lang.String TAG
...
android.support.v4.app.NotificationManagerCompat$SideChannelManager$ListenerRecord
android.support.v4.app.NotificationManagerCompat$Task
android.support.v4.app.NotificationManagerCompatEclair
android.support.v4.app.NotificationManagerCompatIceCreamSandwich
android.support.v4.app.RemoteInput:
    private static final java.lang.String TAG
    public static final java.lang.String RESULTS_CLIP_LABEL
    public static final java.lang.String EXTRA_RESULTS_DATA
    private final java.lang.String mResultKey
    private final java.lang.CharSequence mLabel
    private final java.lang.CharSequence[] mChoices
    private final boolean mAllowFreeFormInput
    private final android.os.Bundle mExtras
    44:50:private RemoteInput(java.lang.String,java.lang.CharSequence,java.lang.CharSequence[],boolean,android.os.Bundle)
    57:57:public java.lang.String getResultKey()
    64:64:public java.lang.CharSequence getLabel()
    71:71:public java.lang.CharSequence[] getChoices()
    81:81:public boolean getAllowFreeFormInput()
    88:88:public android.os.Bundle getExtras()
    188:188:public static android.os.Bundle getResultsFromIntent(android.content.Intent)
    204:205:public static void addResultsToIntent(android.support.v4.app.RemoteInput[],android.content.Intent,android.os.Bundle)
    28:28:synthetic RemoteInput(java.lang.String,java.lang.CharSequence,java.lang.CharSequence[],boolean,android.os.Bundle,android.support.v4.app.RemoteInput$1)
android.support.v4.app.RemoteInput$1:
    268:268:public android.support.v4.app.RemoteInput build(java.lang.String,java.lang.CharSequence,java.lang.CharSequence[],boolean,android.os.Bundle)
    273:273:public android.support.v4.app.RemoteInput[] newArray(int)
    263:263:public bridge synthetic android.support.v4.app.RemoteInputCompatBase$RemoteInput[] newArray(int)
    263:263:public bridge synthetic android.support.v4.app.RemoteInputCompatBase$RemoteInput build(java.lang.String,java.lang.CharSequence,java.lang.CharSequence[],boolean,android.os.Bundle)
android.support.v4.app.RemoteInput$Builder
android.support.v4.app.RemoteInput$Impl:
    public abstract android.os.Bundle getResultsFromIntent(android.content.Intent)
    public abstract void addResultsToIntent(android.support.v4.app.RemoteInput[],android.content.Intent,android.os.Bundle)
android.support.v4.app.RemoteInput$ImplApi20:
    243:243:public android.os.Bundle getResultsFromIntent(android.content.Intent)
    248:249:public void addResultsToIntent(android.support.v4.app.RemoteInput[],android.content.Intent,android.os.Bundle)
android.support.v4.app.RemoteInput$ImplBase:
    218:219:public android.os.Bundle getResultsFromIntent(android.content.Intent)
    224:225:public void addResultsToIntent(android.support.v4.app.RemoteInput[],android.content.Intent,android.os.Bundle)
android.support.v4.app.RemoteInput$ImplJellybean:
    231:231:public android.os.Bundle getResultsFromIntent(android.content.Intent)
    236:237:public void addResultsToIntent(android.support.v4.app.RemoteInput[],android.content.Intent,android.os.Bundle)
android.support.v4.app.RemoteInputCompatApi20
android.support.v4.app.RemoteInputCompatBase:
    21:23:RemoteInputCompatBase()
android.support.v4.app.RemoteInputCompatBase$RemoteInput:
    23:30:public RemoteInputCompatBase$RemoteInput()
    protected abstract java.lang.String getResultKey()
    protected abstract java.lang.CharSequence getLabel()
    protected abstract java.lang.CharSequence[] getChoices()
    protected abstract boolean getAllowFreeFormInput()
    protected abstract android.os.Bundle getExtras()
android.support.v4.app.RemoteInputCompatBase$RemoteInput$Factory:
    public abstract android.support.v4.app.RemoteInputCompatBase$RemoteInput build(java.lang.String,java.lang.CharSequence,java.lang.CharSequence[],boolean,android.os.Bundle)
    public abstract android.support.v4.app.RemoteInputCompatBase$RemoteInput[] newArray(int)